d:\开发项目\c++学习\debug\vc142.pdb
d:\开发项目\c++学习\debug\vc142.idb
d:\开发项目\c++学习\debug\8.单例模式.obj
d:\开发项目\c++学习\debug\9.const成员变量和函数.obj
d:\开发项目\c++学习\debug\7.static静态成员变量.obj
d:\开发项目\c++学习\debug\5.虚函数虚表.obj
d:\开发项目\c++学习\debug\4.多态.obj
d:\开发项目\c++学习\debug\3.父类指针指向子类指针.obj
d:\开发项目\c++学习\debug\1.父类的构造函数.obj
d:\开发项目\c++学习\debug\2.构造和析构的顺序.obj
d:\开发项目\c++学习\debug\11.深浅拷贝.obj
d:\开发项目\c++学习\debug\10拷贝构造函数.obj
d:\开发项目\c++学习\debug\12对象类型的参数和返回值.obj
d:\开发项目\c++学习\debug\13匿名对象(临时对象).obj
d:\开发项目\c++学习\debug\13友元.obj
d:\开发项目\c++学习\debug\spell.obj
d:\开发项目\c++学习\debug\c++学习.exe
d:\开发项目\c++学习\debug\c++学习.ilk
d:\开发项目\c++学习\debug\c++学习.pdb
d:\开发项目\c++学习\debug\c 学习.ilk
d:\开发项目\c++学习\debug\c 学习.pdb
d:\开发项目\c++学习\debug\c++学习.tlog\cl.command.1.tlog
d:\开发项目\c++学习\debug\c++学习.tlog\cl.read.1.tlog
d:\开发项目\c++学习\debug\c++学习.tlog\cl.write.1.tlog
d:\开发项目\c++学习\debug\c++学习.tlog\link.command.1.tlog
d:\开发项目\c++学习\debug\c++学习.tlog\link.read.1.tlog
d:\开发项目\c++学习\debug\c++学习.tlog\link.write.1.tlog
